CRITICAL - 2024-03-05 00:35:46 --> http_build_query(): Argument #1 ($data) must be of type array, string given
in APPPATH\Libraries\ShopifyLib.php on line 11.
 1 APPPATH\Libraries\ShopifyLib.php(11): http_build_query()
 2 APPPATH\Controllers\Invoice.php(341): App\Libraries\ShopifyLib->shopify_call()
 3 SYSTEMPATH\CodeIgniter.php(902): App\Controllers\Invoice->generateExcelFileForCurrentData()
 4 SYSTEMPATH\CodeIgniter.php(457): CodeIgniter\CodeIgniter->runController()
 5 SYSTEMPATH\CodeIgniter.php(340): CodeIgniter\CodeIgniter->handleRequest()
 6 FCPATH\index.php(67): CodeIgniter\CodeIgniter->run()
 7 SYSTEMPATH\Commands\Server\rewrite.php(46): require_once('FCPATH\\index.php')
CRITICAL - 2024-03-05 01:36:42 --> Undefined array key "data"
in APPPATH\Controllers\Invoice.php on line 354.
 1 APPPATH\Controllers\Invoice.php(354): CodeIgniter\Debug\Exceptions->errorHandler()
 2 SYSTEMPATH\CodeIgniter.php(902): App\Controllers\Invoice->generateExcelFileForCurrentData()
 3 SYSTEMPATH\CodeIgniter.php(457): CodeIgniter\CodeIgniter->runController()
 4 SYSTEMPATH\CodeIgniter.php(340): CodeIgniter\CodeIgniter->handleRequest()
 5 FCPATH\index.php(67): CodeIgniter\CodeIgniter->run()                        
 6 SYSTEMPATH\Commands\Server\rewrite.php(46): require_once('FCPATH\\index.php')
CRITICAL - 2024-03-05 04:03:47 --> Cannot use object of type CodeIgniter\HTTP\Response as array
in APPPATH\Controllers\Invoice.php on line 365.
 1 SYSTEMPATH\CodeIgniter.php(902): App\Controllers\Invoice->generateExcelFileForCurrentData()
 2 SYSTEMPATH\CodeIgniter.php(457): CodeIgniter\CodeIgniter->runController()
 3 SYSTEMPATH\CodeIgniter.php(340): CodeIgniter\CodeIgniter->handleRequest()
 4 FCPATH\index.php(67): CodeIgniter\CodeIgniter->run()
 5 SYSTEMPATH\Commands\Server\rewrite.php(46): require_once('FCPATH\\index.php')
CRITICAL - 2024-03-05 05:01:09 --> syntax error, unexpected identifier "Closure", expecting variable
in FCPATH\vendor\maennchen\zipstream-php\src\ZipStream.php on line 111.
 1 SYSTEMPATH\Autoloader\Autoloader.php(259): CodeIgniter\Autoloader\Autoloader->includeFile()
 2 SYSTEMPATH\Autoloader\Autoloader.php(237): CodeIgniter\Autoloader\Autoloader->loadInNamespace()
 3 FCPATH\vendor\phpoffice\phpspreadsheet\src\PhpSpreadsheet\Writer\ZipStream3.php(15): CodeIgniter\Autoloader\Autoloader->loadClass()
 4 FCPATH\vendor\phpoffice\phpspreadsheet\src\PhpSpreadsheet\Writer\ZipStream0.php(15): PhpOffice\PhpSpreadsheet\Writer\ZipStream3::newZipStream()
 5 FCPATH\vendor\phpoffice\phpspreadsheet\src\PhpSpreadsheet\Writer\Xlsx.php(503): PhpOffice\PhpSpreadsheet\Writer\ZipStream0::newZipStream()
 6 APPPATH\Controllers\Invoice.php(374): PhpOffice\PhpSpreadsheet\Writer\Xlsx->save()
 7 SYSTEMPATH\CodeIgniter.php(902): App\Controllers\Invoice->testSpreadSheet()
 8 SYSTEMPATH\CodeIgniter.php(457): CodeIgniter\CodeIgniter->runController()
 9 SYSTEMPATH\CodeIgniter.php(340): CodeIgniter\CodeIgniter->handleRequest()
10 FCPATH\index.php(67): CodeIgniter\CodeIgniter->run()
11 SYSTEMPATH\Commands\Server\rewrite.php(46): require_once('FCPATH\\index.php')
CRITICAL - 2024-03-05 05:19:36 --> syntax error, unexpected identifier "Closure", expecting variable
in FCPATH\vendor\maennchen\zipstream-php\src\ZipStream.php on line 111.
 1 SYSTEMPATH\Autoloader\Autoloader.php(259): CodeIgniter\Autoloader\Autoloader->includeFile()
 2 SYSTEMPATH\Autoloader\Autoloader.php(237): CodeIgniter\Autoloader\Autoloader->loadInNamespace()
 3 FCPATH\vendor\phpoffice\phpspreadsheet\src\PhpSpreadsheet\Writer\ZipStream3.php(15): CodeIgniter\Autoloader\Autoloader->loadClass()
 4 FCPATH\vendor\phpoffice\phpspreadsheet\src\PhpSpreadsheet\Writer\ZipStream0.php(15): PhpOffice\PhpSpreadsheet\Writer\ZipStream3::newZipStream()
 5 FCPATH\vendor\phpoffice\phpspreadsheet\src\PhpSpreadsheet\Writer\Xlsx.php(503): PhpOffice\PhpSpreadsheet\Writer\ZipStream0::newZipStream()
 6 APPPATH\Controllers\Invoice.php(374): PhpOffice\PhpSpreadsheet\Writer\Xlsx->save()
 7 SYSTEMPATH\CodeIgniter.php(902): App\Controllers\Invoice->testSpreadSheet()
 8 SYSTEMPATH\CodeIgniter.php(457): CodeIgniter\CodeIgniter->runController()
 9 SYSTEMPATH\CodeIgniter.php(340): CodeIgniter\CodeIgniter->handleRequest()
10 FCPATH\index.php(67): CodeIgniter\CodeIgniter->run()
11 SYSTEMPATH\Commands\Server\rewrite.php(46): require_once('FCPATH\\index.php')
CRITICAL - 2024-03-05 05:20:16 --> syntax error, unexpected identifier "Closure", expecting variable
in FCPATH\vendor\maennchen\zipstream-php\src\ZipStream.php on line 111.
 1 SYSTEMPATH\Autoloader\Autoloader.php(259): CodeIgniter\Autoloader\Autoloader->includeFile()
 2 SYSTEMPATH\Autoloader\Autoloader.php(237): CodeIgniter\Autoloader\Autoloader->loadInNamespace()
 3 FCPATH\vendor\phpoffice\phpspreadsheet\src\PhpSpreadsheet\Writer\ZipStream3.php(15): CodeIgniter\Autoloader\Autoloader->loadClass()
 4 FCPATH\vendor\phpoffice\phpspreadsheet\src\PhpSpreadsheet\Writer\ZipStream0.php(15): PhpOffice\PhpSpreadsheet\Writer\ZipStream3::newZipStream()
 5 FCPATH\vendor\phpoffice\phpspreadsheet\src\PhpSpreadsheet\Writer\Xlsx.php(503): PhpOffice\PhpSpreadsheet\Writer\ZipStream0::newZipStream()
 6 APPPATH\Controllers\Invoice.php(374): PhpOffice\PhpSpreadsheet\Writer\Xlsx->save()
 7 SYSTEMPATH\CodeIgniter.php(902): App\Controllers\Invoice->testSpreadSheet()
 8 SYSTEMPATH\CodeIgniter.php(457): CodeIgniter\CodeIgniter->runController()
 9 SYSTEMPATH\CodeIgniter.php(340): CodeIgniter\CodeIgniter->handleRequest()
10 FCPATH\index.php(67): CodeIgniter\CodeIgniter->run()
11 SYSTEMPATH\Commands\Server\rewrite.php(46): require_once('FCPATH\\index.php')
CRITICAL - 2024-03-05 05:20:41 --> syntax error, unexpected identifier "Closure", expecting variable
in FCPATH\vendor\maennchen\zipstream-php\src\ZipStream.php on line 111.
 1 SYSTEMPATH\Autoloader\Autoloader.php(259): CodeIgniter\Autoloader\Autoloader->includeFile()
 2 SYSTEMPATH\Autoloader\Autoloader.php(237): CodeIgniter\Autoloader\Autoloader->loadInNamespace()
 3 FCPATH\vendor\phpoffice\phpspreadsheet\src\PhpSpreadsheet\Writer\ZipStream3.php(15): CodeIgniter\Autoloader\Autoloader->loadClass()
 4 FCPATH\vendor\phpoffice\phpspreadsheet\src\PhpSpreadsheet\Writer\ZipStream0.php(15): PhpOffice\PhpSpreadsheet\Writer\ZipStream3::newZipStream()
 5 FCPATH\vendor\phpoffice\phpspreadsheet\src\PhpSpreadsheet\Writer\Xlsx.php(503): PhpOffice\PhpSpreadsheet\Writer\ZipStream0::newZipStream()
 6 APPPATH\Controllers\Invoice.php(374): PhpOffice\PhpSpreadsheet\Writer\Xlsx->save()
 7 SYSTEMPATH\CodeIgniter.php(902): App\Controllers\Invoice->testSpreadSheet()
 8 SYSTEMPATH\CodeIgniter.php(457): CodeIgniter\CodeIgniter->runController()
 9 SYSTEMPATH\CodeIgniter.php(340): CodeIgniter\CodeIgniter->handleRequest()
10 FCPATH\index.php(67): CodeIgniter\CodeIgniter->run()
11 SYSTEMPATH\Commands\Server\rewrite.php(46): require_once('FCPATH\\index.php')
CRITICAL - 2024-03-05 05:21:19 --> syntax error, unexpected identifier "Closure", expecting variable
in FCPATH\vendor\maennchen\zipstream-php\src\ZipStream.php on line 111.
 1 SYSTEMPATH\Autoloader\Autoloader.php(259): CodeIgniter\Autoloader\Autoloader->includeFile()
 2 SYSTEMPATH\Autoloader\Autoloader.php(237): CodeIgniter\Autoloader\Autoloader->loadInNamespace()
 3 FCPATH\vendor\phpoffice\phpspreadsheet\src\PhpSpreadsheet\Writer\ZipStream3.php(15): CodeIgniter\Autoloader\Autoloader->loadClass()
 4 FCPATH\vendor\phpoffice\phpspreadsheet\src\PhpSpreadsheet\Writer\ZipStream0.php(15): PhpOffice\PhpSpreadsheet\Writer\ZipStream3::newZipStream()
 5 FCPATH\vendor\phpoffice\phpspreadsheet\src\PhpSpreadsheet\Writer\Xlsx.php(503): PhpOffice\PhpSpreadsheet\Writer\ZipStream0::newZipStream()
 6 APPPATH\Controllers\Invoice.php(374): PhpOffice\PhpSpreadsheet\Writer\Xlsx->save()
 7 SYSTEMPATH\CodeIgniter.php(902): App\Controllers\Invoice->testSpreadSheet()
 8 SYSTEMPATH\CodeIgniter.php(457): CodeIgniter\CodeIgniter->runController()
 9 SYSTEMPATH\CodeIgniter.php(340): CodeIgniter\CodeIgniter->handleRequest()
10 FCPATH\index.php(67): CodeIgniter\CodeIgniter->run()
11 SYSTEMPATH\Commands\Server\rewrite.php(46): require_once('FCPATH\\index.php')
CRITICAL - 2024-03-05 05:50:37 --> Cannot use object of type stdClass as array
in APPPATH\Controllers\Invoice.php on line 304.
 1 APPPATH\Controllers\Invoice.php(416): App\Controllers\Invoice->createExcelFile()
 2 SYSTEMPATH\CodeIgniter.php(902): App\Controllers\Invoice->generateExcelFileForCurrentData()
 3 SYSTEMPATH\CodeIgniter.php(457): CodeIgniter\CodeIgniter->runController()
 4 SYSTEMPATH\CodeIgniter.php(340): CodeIgniter\CodeIgniter->handleRequest()
 5 FCPATH\index.php(67): CodeIgniter\CodeIgniter->run()
 6 SYSTEMPATH\Commands\Server\rewrite.php(46): require_once('FCPATH\\index.php')
CRITICAL - 2024-03-05 06:21:33 --> Cannot use object of type stdClass as array
in APPPATH\Controllers\Invoice.php on line 306.
 1 APPPATH\Controllers\Invoice.php(417): App\Controllers\Invoice->createExcelFile()
 2 SYSTEMPATH\CodeIgniter.php(902): App\Controllers\Invoice->generateExcelFileForCurrentData()
 3 SYSTEMPATH\CodeIgniter.php(457): CodeIgniter\CodeIgniter->runController()
 4 SYSTEMPATH\CodeIgniter.php(340): CodeIgniter\CodeIgniter->handleRequest()
 5 FCPATH\index.php(67): CodeIgniter\CodeIgniter->run()
 6 SYSTEMPATH\Commands\Server\rewrite.php(46): require_once('FCPATH\\index.php')
CRITICAL - 2024-03-05 06:26:20 --> Object of class stdClass could not be converted to string
in APPPATH\Controllers\Invoice.php on line 306.
 1 APPPATH\Controllers\Invoice.php(418): App\Controllers\Invoice->createExcelFile()
 2 SYSTEMPATH\CodeIgniter.php(902): App\Controllers\Invoice->generateExcelFileForCurrentData()
 3 SYSTEMPATH\CodeIgniter.php(457): CodeIgniter\CodeIgniter->runController()
 4 SYSTEMPATH\CodeIgniter.php(340): CodeIgniter\CodeIgniter->handleRequest()
 5 FCPATH\index.php(67): CodeIgniter\CodeIgniter->run()
 6 SYSTEMPATH\Commands\Server\rewrite.php(46): require_once('FCPATH\\index.php')
CRITICAL - 2024-03-05 06:33:12 --> Cannot use object of type stdClass as array
in APPPATH\Controllers\Invoice.php on line 306.
 1 APPPATH\Controllers\Invoice.php(423): App\Controllers\Invoice->createExcelFile()
 2 SYSTEMPATH\CodeIgniter.php(902): App\Controllers\Invoice->generateExcelFileForCurrentData()
 3 SYSTEMPATH\CodeIgniter.php(457): CodeIgniter\CodeIgniter->runController()
 4 SYSTEMPATH\CodeIgniter.php(340): CodeIgniter\CodeIgniter->handleRequest()
 5 FCPATH\index.php(67): CodeIgniter\CodeIgniter->run()
 6 SYSTEMPATH\Commands\Server\rewrite.php(46): require_once('FCPATH\\index.php')
CRITICAL - 2024-03-05 06:41:05 --> Cannot use object of type stdClass as array
in APPPATH\Controllers\Invoice.php on line 312.
 1 APPPATH\Controllers\Invoice.php(420): App\Controllers\Invoice->createExcelFile()
 2 SYSTEMPATH\CodeIgniter.php(902): App\Controllers\Invoice->generateExcelFileForCurrentData()
 3 SYSTEMPATH\CodeIgniter.php(457): CodeIgniter\CodeIgniter->runController()
 4 SYSTEMPATH\CodeIgniter.php(340): CodeIgniter\CodeIgniter->handleRequest()
 5 FCPATH\index.php(67): CodeIgniter\CodeIgniter->run()
 6 SYSTEMPATH\Commands\Server\rewrite.php(46): require_once('FCPATH\\index.php')
CRITICAL - 2024-03-05 07:04:08 --> syntax error, unexpected variable "$sheet"
in APPPATH\Controllers\Invoice.php on line 308.
 1 SYSTEMPATH\Autoloader\Autoloader.php(259): CodeIgniter\Autoloader\Autoloader->includeFile()
 2 SYSTEMPATH\Autoloader\Autoloader.php(237): CodeIgniter\Autoloader\Autoloader->loadInNamespace()
 3 [internal function]: CodeIgniter\Autoloader\Autoloader->loadClass()
 4 SYSTEMPATH\CodeIgniter.php(852): class_exists()
 5 SYSTEMPATH\CodeIgniter.php(444): CodeIgniter\CodeIgniter->startController()
 6 SYSTEMPATH\CodeIgniter.php(340): CodeIgniter\CodeIgniter->handleRequest()
 7 FCPATH\index.php(67): CodeIgniter\CodeIgniter->run()
 8 SYSTEMPATH\Commands\Server\rewrite.php(46): require_once('FCPATH\\index.php')
CRITICAL - 2024-03-05 07:04:29 --> syntax error, unexpected variable "$sheet"
in APPPATH\Controllers\Invoice.php on line 308.
 1 SYSTEMPATH\Autoloader\Autoloader.php(259): CodeIgniter\Autoloader\Autoloader->includeFile()
 2 SYSTEMPATH\Autoloader\Autoloader.php(237): CodeIgniter\Autoloader\Autoloader->loadInNamespace()
 3 [internal function]: CodeIgniter\Autoloader\Autoloader->loadClass()
 4 SYSTEMPATH\CodeIgniter.php(852): class_exists()
 5 SYSTEMPATH\CodeIgniter.php(444): CodeIgniter\CodeIgniter->startController()
 6 SYSTEMPATH\CodeIgniter.php(340): CodeIgniter\CodeIgniter->handleRequest()
 7 FCPATH\index.php(67): CodeIgniter\CodeIgniter->run()
 8 SYSTEMPATH\Commands\Server\rewrite.php(46): require_once('FCPATH\\index.php')
CRITICAL - 2024-03-05 07:04:49 --> syntax error, unexpected variable "$sheet"
in APPPATH\Controllers\Invoice.php on line 308.
 1 SYSTEMPATH\Autoloader\Autoloader.php(259): CodeIgniter\Autoloader\Autoloader->includeFile()
 2 SYSTEMPATH\Autoloader\Autoloader.php(237): CodeIgniter\Autoloader\Autoloader->loadInNamespace()
 3 [internal function]: CodeIgniter\Autoloader\Autoloader->loadClass()
 4 SYSTEMPATH\CodeIgniter.php(852): class_exists()
 5 SYSTEMPATH\CodeIgniter.php(444): CodeIgniter\CodeIgniter->startController()
 6 SYSTEMPATH\CodeIgniter.php(340): CodeIgniter\CodeIgniter->handleRequest()
 7 FCPATH\index.php(67): CodeIgniter\CodeIgniter->run()
 8 SYSTEMPATH\Commands\Server\rewrite.php(46): require_once('FCPATH\\index.php')
CRITICAL - 2024-03-05 07:04:56 --> syntax error, unexpected variable "$sheet"
in APPPATH\Controllers\Invoice.php on line 308.
 1 SYSTEMPATH\Autoloader\Autoloader.php(259): CodeIgniter\Autoloader\Autoloader->includeFile()
 2 SYSTEMPATH\Autoloader\Autoloader.php(237): CodeIgniter\Autoloader\Autoloader->loadInNamespace()
 3 [internal function]: CodeIgniter\Autoloader\Autoloader->loadClass()
 4 SYSTEMPATH\CodeIgniter.php(852): class_exists()
 5 SYSTEMPATH\CodeIgniter.php(444): CodeIgniter\CodeIgniter->startController()
 6 SYSTEMPATH\CodeIgniter.php(340): CodeIgniter\CodeIgniter->handleRequest()
 7 FCPATH\index.php(67): CodeIgniter\CodeIgniter->run()
 8 SYSTEMPATH\Commands\Server\rewrite.php(46): require_once('FCPATH\\index.php')
CRITICAL - 2024-03-05 07:06:42 --> syntax error, unexpected variable "$sheet"
in APPPATH\Controllers\Invoice.php on line 308.
 1 SYSTEMPATH\Autoloader\Autoloader.php(259): CodeIgniter\Autoloader\Autoloader->includeFile()
 2 SYSTEMPATH\Autoloader\Autoloader.php(237): CodeIgniter\Autoloader\Autoloader->loadInNamespace()
 3 [internal function]: CodeIgniter\Autoloader\Autoloader->loadClass()
 4 SYSTEMPATH\CodeIgniter.php(852): class_exists()
 5 SYSTEMPATH\CodeIgniter.php(444): CodeIgniter\CodeIgniter->startController()
 6 SYSTEMPATH\CodeIgniter.php(340): CodeIgniter\CodeIgniter->handleRequest()
 7 FCPATH\index.php(67): CodeIgniter\CodeIgniter->run()
 8 SYSTEMPATH\Commands\Server\rewrite.php(46): require_once('FCPATH\\index.php')
CRITICAL - 2024-03-05 07:08:27 --> syntax error, unexpected variable "$sheet"
in APPPATH\Controllers\Invoice.php on line 308.
 1 SYSTEMPATH\Autoloader\Autoloader.php(259): CodeIgniter\Autoloader\Autoloader->includeFile()
 2 SYSTEMPATH\Autoloader\Autoloader.php(237): CodeIgniter\Autoloader\Autoloader->loadInNamespace()
 3 [internal function]: CodeIgniter\Autoloader\Autoloader->loadClass()
 4 SYSTEMPATH\CodeIgniter.php(852): class_exists()
 5 SYSTEMPATH\CodeIgniter.php(444): CodeIgniter\CodeIgniter->startController()
 6 SYSTEMPATH\CodeIgniter.php(340): CodeIgniter\CodeIgniter->handleRequest()
 7 FCPATH\index.php(67): CodeIgniter\CodeIgniter->run()
 8 SYSTEMPATH\Commands\Server\rewrite.php(46): require_once('FCPATH\\index.php')
CRITICAL - 2024-03-05 07:08:39 --> syntax error, unexpected variable "$sheet"
in APPPATH\Controllers\Invoice.php on line 308.
 1 SYSTEMPATH\Autoloader\Autoloader.php(259): CodeIgniter\Autoloader\Autoloader->includeFile()
 2 SYSTEMPATH\Autoloader\Autoloader.php(237): CodeIgniter\Autoloader\Autoloader->loadInNamespace()
 3 [internal function]: CodeIgniter\Autoloader\Autoloader->loadClass()
 4 SYSTEMPATH\CodeIgniter.php(852): class_exists()
 5 SYSTEMPATH\CodeIgniter.php(444): CodeIgniter\CodeIgniter->startController()
 6 SYSTEMPATH\CodeIgniter.php(340): CodeIgniter\CodeIgniter->handleRequest()
 7 FCPATH\index.php(67): CodeIgniter\CodeIgniter->run()
 8 SYSTEMPATH\Commands\Server\rewrite.php(46): require_once('FCPATH\\index.php')
CRITICAL - 2024-03-05 07:09:09 --> syntax error, unexpected variable "$sheet"
in APPPATH\Controllers\Invoice.php on line 308.
 1 SYSTEMPATH\Autoloader\Autoloader.php(259): CodeIgniter\Autoloader\Autoloader->includeFile()
 2 SYSTEMPATH\Autoloader\Autoloader.php(237): CodeIgniter\Autoloader\Autoloader->loadInNamespace()
 3 [internal function]: CodeIgniter\Autoloader\Autoloader->loadClass()
 4 SYSTEMPATH\CodeIgniter.php(852): class_exists()
 5 SYSTEMPATH\CodeIgniter.php(444): CodeIgniter\CodeIgniter->startController()
 6 SYSTEMPATH\CodeIgniter.php(340): CodeIgniter\CodeIgniter->handleRequest()
 7 FCPATH\index.php(67): CodeIgniter\CodeIgniter->run()
 8 SYSTEMPATH\Commands\Server\rewrite.php(46): require_once('FCPATH\\index.php')
CRITICAL - 2024-03-05 23:11:02 --> syntax error, unexpected variable "$sheet"
in APPPATH\Controllers\Invoice.php on line 308.
 1 SYSTEMPATH\Autoloader\Autoloader.php(259): CodeIgniter\Autoloader\Autoloader->includeFile()
 2 SYSTEMPATH\Autoloader\Autoloader.php(237): CodeIgniter\Autoloader\Autoloader->loadInNamespace()
 3 [internal function]: CodeIgniter\Autoloader\Autoloader->loadClass()
 4 SYSTEMPATH\CodeIgniter.php(852): class_exists()
 5 SYSTEMPATH\CodeIgniter.php(444): CodeIgniter\CodeIgniter->startController()
 6 SYSTEMPATH\CodeIgniter.php(340): CodeIgniter\CodeIgniter->handleRequest()
 7 FCPATH\index.php(67): CodeIgniter\CodeIgniter->run()
 8 SYSTEMPATH\Commands\Server\rewrite.php(46): require_once('FCPATH\\index.php')
CRITICAL - 2024-03-05 23:41:14 --> Attempt to read property "access_Token" on null
in APPPATH\Controllers\Invoice.php on line 70.
 1 APPPATH\Controllers\Invoice.php(70): CodeIgniter\Debug\Exceptions->errorHandler()
 2 SYSTEMPATH\CodeIgniter.php(902): App\Controllers\Invoice->getOrdersApi()
 3 SYSTEMPATH\CodeIgniter.php(457): CodeIgniter\CodeIgniter->runController()
 4 SYSTEMPATH\CodeIgniter.php(340): CodeIgniter\CodeIgniter->handleRequest()
 5 FCPATH\index.php(67): CodeIgniter\CodeIgniter->run()
 6 SYSTEMPATH\Commands\Server\rewrite.php(46): require_once('FCPATH\\index.php')
CRITICAL - 2024-03-05 23:41:14 --> Attempt to read property "access_Token" on null
in APPPATH\Controllers\Invoice.php on line 70.
 1 APPPATH\Controllers\Invoice.php(70): CodeIgniter\Debug\Exceptions->errorHandler()
 2 SYSTEMPATH\CodeIgniter.php(902): App\Controllers\Invoice->getOrdersApi()
 3 SYSTEMPATH\CodeIgniter.php(457): CodeIgniter\CodeIgniter->runController()
 4 SYSTEMPATH\CodeIgniter.php(340): CodeIgniter\CodeIgniter->handleRequest()
 5 FCPATH\index.php(67): CodeIgniter\CodeIgniter->run()
 6 SYSTEMPATH\Commands\Server\rewrite.php(46): require_once('FCPATH\\index.php')
CRITICAL - 2024-03-05 23:41:21 --> Attempt to read property "access_Token" on null
in APPPATH\Controllers\Invoice.php on line 70.
 1 APPPATH\Controllers\Invoice.php(70): CodeIgniter\Debug\Exceptions->errorHandler()
 2 SYSTEMPATH\CodeIgniter.php(902): App\Controllers\Invoice->getOrdersApi()
 3 SYSTEMPATH\CodeIgniter.php(457): CodeIgniter\CodeIgniter->runController()
 4 SYSTEMPATH\CodeIgniter.php(340): CodeIgniter\CodeIgniter->handleRequest()
 5 FCPATH\index.php(67): CodeIgniter\CodeIgniter->run()
 6 SYSTEMPATH\Commands\Server\rewrite.php(46): require_once('FCPATH\\index.php')
CRITICAL - 2024-03-05 23:41:21 --> Attempt to read property "access_Token" on null
in APPPATH\Controllers\Invoice.php on line 70.
 1 APPPATH\Controllers\Invoice.php(70): CodeIgniter\Debug\Exceptions->errorHandler()
 2 SYSTEMPATH\CodeIgniter.php(902): App\Controllers\Invoice->getOrdersApi()
 3 SYSTEMPATH\CodeIgniter.php(457): CodeIgniter\CodeIgniter->runController()
 4 SYSTEMPATH\CodeIgniter.php(340): CodeIgniter\CodeIgniter->handleRequest()
 5 FCPATH\index.php(67): CodeIgniter\CodeIgniter->run()
 6 SYSTEMPATH\Commands\Server\rewrite.php(46): require_once('FCPATH\\index.php')
CRITICAL - 2024-03-05 23:41:29 --> Attempt to read property "access_Token" on null
in APPPATH\Controllers\Invoice.php on line 70.
 1 APPPATH\Controllers\Invoice.php(70): CodeIgniter\Debug\Exceptions->errorHandler()
 2 SYSTEMPATH\CodeIgniter.php(902): App\Controllers\Invoice->getOrdersApi()
 3 SYSTEMPATH\CodeIgniter.php(457): CodeIgniter\CodeIgniter->runController()
 4 SYSTEMPATH\CodeIgniter.php(340): CodeIgniter\CodeIgniter->handleRequest()
 5 FCPATH\index.php(67): CodeIgniter\CodeIgniter->run()
 6 SYSTEMPATH\Commands\Server\rewrite.php(46): require_once('FCPATH\\index.php')
CRITICAL - 2024-03-05 23:41:29 --> Attempt to read property "access_Token" on null
in APPPATH\Controllers\Invoice.php on line 70.
 1 APPPATH\Controllers\Invoice.php(70): CodeIgniter\Debug\Exceptions->errorHandler()
 2 SYSTEMPATH\CodeIgniter.php(902): App\Controllers\Invoice->getOrdersApi()
 3 SYSTEMPATH\CodeIgniter.php(457): CodeIgniter\CodeIgniter->runController()
 4 SYSTEMPATH\CodeIgniter.php(340): CodeIgniter\CodeIgniter->handleRequest()
 5 FCPATH\index.php(67): CodeIgniter\CodeIgniter->run()
 6 SYSTEMPATH\Commands\Server\rewrite.php(46): require_once('FCPATH\\index.php')
CRITICAL - 2024-03-05 23:41:30 --> Attempt to read property "access_Token" on null
in APPPATH\Controllers\Invoice.php on line 70.
 1 APPPATH\Controllers\Invoice.php(70): CodeIgniter\Debug\Exceptions->errorHandler()
 2 SYSTEMPATH\CodeIgniter.php(902): App\Controllers\Invoice->getOrdersApi()
 3 SYSTEMPATH\CodeIgniter.php(457): CodeIgniter\CodeIgniter->runController()
 4 SYSTEMPATH\CodeIgniter.php(340): CodeIgniter\CodeIgniter->handleRequest()
 5 FCPATH\index.php(67): CodeIgniter\CodeIgniter->run()
 6 SYSTEMPATH\Commands\Server\rewrite.php(46): require_once('FCPATH\\index.php')
CRITICAL - 2024-03-05 23:41:30 --> Attempt to read property "access_Token" on null
in APPPATH\Controllers\Invoice.php on line 70.
 1 APPPATH\Controllers\Invoice.php(70): CodeIgniter\Debug\Exceptions->errorHandler()
 2 SYSTEMPATH\CodeIgniter.php(902): App\Controllers\Invoice->getOrdersApi()
 3 SYSTEMPATH\CodeIgniter.php(457): CodeIgniter\CodeIgniter->runController()
 4 SYSTEMPATH\CodeIgniter.php(340): CodeIgniter\CodeIgniter->handleRequest()
 5 FCPATH\index.php(67): CodeIgniter\CodeIgniter->run()
 6 SYSTEMPATH\Commands\Server\rewrite.php(46): require_once('FCPATH\\index.php')
CRITICAL - 2024-03-05 23:41:32 --> Attempt to read property "access_Token" on null
in APPPATH\Controllers\Invoice.php on line 70.
 1 APPPATH\Controllers\Invoice.php(70): CodeIgniter\Debug\Exceptions->errorHandler()
 2 SYSTEMPATH\CodeIgniter.php(902): App\Controllers\Invoice->getOrdersApi()
 3 SYSTEMPATH\CodeIgniter.php(457): CodeIgniter\CodeIgniter->runController()
 4 SYSTEMPATH\CodeIgniter.php(340): CodeIgniter\CodeIgniter->handleRequest()
 5 FCPATH\index.php(67): CodeIgniter\CodeIgniter->run()
 6 SYSTEMPATH\Commands\Server\rewrite.php(46): require_once('FCPATH\\index.php')
CRITICAL - 2024-03-05 23:41:33 --> Attempt to read property "access_Token" on null
in APPPATH\Controllers\Invoice.php on line 70.
 1 APPPATH\Controllers\Invoice.php(70): CodeIgniter\Debug\Exceptions->errorHandler()
 2 SYSTEMPATH\CodeIgniter.php(902): App\Controllers\Invoice->getOrdersApi()
 3 SYSTEMPATH\CodeIgniter.php(457): CodeIgniter\CodeIgniter->runController()
 4 SYSTEMPATH\CodeIgniter.php(340): CodeIgniter\CodeIgniter->handleRequest()
 5 FCPATH\index.php(67): CodeIgniter\CodeIgniter->run()
 6 SYSTEMPATH\Commands\Server\rewrite.php(46): require_once('FCPATH\\index.php')
CRITICAL - 2024-03-05 23:41:33 --> Attempt to read property "access_Token" on null
in APPPATH\Controllers\Invoice.php on line 70.
 1 APPPATH\Controllers\Invoice.php(70): CodeIgniter\Debug\Exceptions->errorHandler()
 2 SYSTEMPATH\CodeIgniter.php(902): App\Controllers\Invoice->getOrdersApi()
 3 SYSTEMPATH\CodeIgniter.php(457): CodeIgniter\CodeIgniter->runController()
 4 SYSTEMPATH\CodeIgniter.php(340): CodeIgniter\CodeIgniter->handleRequest()
 5 FCPATH\index.php(67): CodeIgniter\CodeIgniter->run()
 6 SYSTEMPATH\Commands\Server\rewrite.php(46): require_once('FCPATH\\index.php')
CRITICAL - 2024-03-05 23:41:33 --> Attempt to read property "access_Token" on null
in APPPATH\Controllers\Invoice.php on line 70.
 1 APPPATH\Controllers\Invoice.php(70): CodeIgniter\Debug\Exceptions->errorHandler()
 2 SYSTEMPATH\CodeIgniter.php(902): App\Controllers\Invoice->getOrdersApi()
 3 SYSTEMPATH\CodeIgniter.php(457): CodeIgniter\CodeIgniter->runController()
 4 SYSTEMPATH\CodeIgniter.php(340): CodeIgniter\CodeIgniter->handleRequest()
 5 FCPATH\index.php(67): CodeIgniter\CodeIgniter->run()
 6 SYSTEMPATH\Commands\Server\rewrite.php(46): require_once('FCPATH\\index.php')
CRITICAL - 2024-03-05 23:41:33 --> Attempt to read property "access_Token" on null
in APPPATH\Controllers\Invoice.php on line 70.
 1 APPPATH\Controllers\Invoice.php(70): CodeIgniter\Debug\Exceptions->errorHandler()
 2 SYSTEMPATH\CodeIgniter.php(902): App\Controllers\Invoice->getOrdersApi()
 3 SYSTEMPATH\CodeIgniter.php(457): CodeIgniter\CodeIgniter->runController()
 4 SYSTEMPATH\CodeIgniter.php(340): CodeIgniter\CodeIgniter->handleRequest()
 5 FCPATH\index.php(67): CodeIgniter\CodeIgniter->run()
 6 SYSTEMPATH\Commands\Server\rewrite.php(46): require_once('FCPATH\\index.php')
CRITICAL - 2024-03-05 23:41:33 --> Attempt to read property "access_Token" on null
in APPPATH\Controllers\Invoice.php on line 70.
 1 APPPATH\Controllers\Invoice.php(70): CodeIgniter\Debug\Exceptions->errorHandler()
 2 SYSTEMPATH\CodeIgniter.php(902): App\Controllers\Invoice->getOrdersApi()
 3 SYSTEMPATH\CodeIgniter.php(457): CodeIgniter\CodeIgniter->runController()
 4 SYSTEMPATH\CodeIgniter.php(340): CodeIgniter\CodeIgniter->handleRequest()
 5 FCPATH\index.php(67): CodeIgniter\CodeIgniter->run()
 6 SYSTEMPATH\Commands\Server\rewrite.php(46): require_once('FCPATH\\index.php')
CRITICAL - 2024-03-05 23:41:34 --> Attempt to read property "access_Token" on null
in APPPATH\Controllers\Invoice.php on line 70.
 1 APPPATH\Controllers\Invoice.php(70): CodeIgniter\Debug\Exceptions->errorHandler()
 2 SYSTEMPATH\CodeIgniter.php(902): App\Controllers\Invoice->getOrdersApi()
 3 SYSTEMPATH\CodeIgniter.php(457): CodeIgniter\CodeIgniter->runController()
 4 SYSTEMPATH\CodeIgniter.php(340): CodeIgniter\CodeIgniter->handleRequest()
 5 FCPATH\index.php(67): CodeIgniter\CodeIgniter->run()
 6 SYSTEMPATH\Commands\Server\rewrite.php(46): require_once('FCPATH\\index.php')
CRITICAL - 2024-03-05 23:41:38 --> Attempt to read property "access_Token" on null
in APPPATH\Controllers\Invoice.php on line 70.
 1 APPPATH\Controllers\Invoice.php(70): CodeIgniter\Debug\Exceptions->errorHandler()
 2 SYSTEMPATH\CodeIgniter.php(902): App\Controllers\Invoice->getOrdersApi()
 3 SYSTEMPATH\CodeIgniter.php(457): CodeIgniter\CodeIgniter->runController()
 4 SYSTEMPATH\CodeIgniter.php(340): CodeIgniter\CodeIgniter->handleRequest()
 5 FCPATH\index.php(67): CodeIgniter\CodeIgniter->run()
 6 SYSTEMPATH\Commands\Server\rewrite.php(46): require_once('FCPATH\\index.php')
CRITICAL - 2024-03-05 23:52:16 --> Attempt to read property "access_Token" on null
in APPPATH\Controllers\Invoice.php on line 70.
 1 APPPATH\Controllers\Invoice.php(70): CodeIgniter\Debug\Exceptions->errorHandler()
 2 SYSTEMPATH\CodeIgniter.php(902): App\Controllers\Invoice->getOrdersApi()
 3 SYSTEMPATH\CodeIgniter.php(457): CodeIgniter\CodeIgniter->runController()
 4 SYSTEMPATH\CodeIgniter.php(340): CodeIgniter\CodeIgniter->handleRequest()
 5 FCPATH\index.php(67): CodeIgniter\CodeIgniter->run()
 6 SYSTEMPATH\Commands\Server\rewrite.php(46): require_once('FCPATH\\index.php')
CRITICAL - 2024-03-05 23:52:16 --> Attempt to read property "access_Token" on null
in APPPATH\Controllers\Invoice.php on line 70.
 1 APPPATH\Controllers\Invoice.php(70): CodeIgniter\Debug\Exceptions->errorHandler()
 2 SYSTEMPATH\CodeIgniter.php(902): App\Controllers\Invoice->getOrdersApi()
 3 SYSTEMPATH\CodeIgniter.php(457): CodeIgniter\CodeIgniter->runController()
 4 SYSTEMPATH\CodeIgniter.php(340): CodeIgniter\CodeIgniter->handleRequest()
 5 FCPATH\index.php(67): CodeIgniter\CodeIgniter->run()
 6 SYSTEMPATH\Commands\Server\rewrite.php(46): require_once('FCPATH\\index.php')
CRITICAL - 2024-03-05 23:52:19 --> Attempt to read property "access_Token" on null
in APPPATH\Controllers\Invoice.php on line 70.
 1 APPPATH\Controllers\Invoice.php(70): CodeIgniter\Debug\Exceptions->errorHandler()
 2 SYSTEMPATH\CodeIgniter.php(902): App\Controllers\Invoice->getOrdersApi()
 3 SYSTEMPATH\CodeIgniter.php(457): CodeIgniter\CodeIgniter->runController()
 4 SYSTEMPATH\CodeIgniter.php(340): CodeIgniter\CodeIgniter->handleRequest()
 5 FCPATH\index.php(67): CodeIgniter\CodeIgniter->run()
 6 SYSTEMPATH\Commands\Server\rewrite.php(46): require_once('FCPATH\\index.php')
CRITICAL - 2024-03-05 23:52:19 --> Attempt to read property "access_Token" on null
in APPPATH\Controllers\Invoice.php on line 70.
 1 APPPATH\Controllers\Invoice.php(70): CodeIgniter\Debug\Exceptions->errorHandler()
 2 SYSTEMPATH\CodeIgniter.php(902): App\Controllers\Invoice->getOrdersApi()
 3 SYSTEMPATH\CodeIgniter.php(457): CodeIgniter\CodeIgniter->runController()
 4 SYSTEMPATH\CodeIgniter.php(340): CodeIgniter\CodeIgniter->handleRequest()
 5 FCPATH\index.php(67): CodeIgniter\CodeIgniter->run()
 6 SYSTEMPATH\Commands\Server\rewrite.php(46): require_once('FCPATH\\index.php')
