CRITICAL - 2023-10-29 00:08:13 --> Array to string conversion
in APPPATH/Controllers/Invoice.php on line 150.
 1 APPPATH/Controllers/Invoice.php(150): CodeIgniter\Debug\Exceptions->errorHandler()
 2 SYSTEMPATH/CodeIgniter.php(925): App\Controllers\Invoice->downloadOrderById()
 3 SYSTEMPATH/CodeIgniter.php(480): CodeIgniter\CodeIgniter->runController()
 4 SYSTEMPATH/CodeIgniter.php(349): CodeIgniter\CodeIgniter->handleRequest()
 5 FCPATH/index.php(67): CodeIgniter\CodeIgniter->run()
CRITICAL - 2023-10-29 00:08:36 --> Array to string conversion
in APPPATH/Controllers/Invoice.php on line 150.
 1 APPPATH/Controllers/Invoice.php(150): CodeIgniter\Debug\Exceptions->errorHandler()
 2 SYSTEMPATH/CodeIgniter.php(925): App\Controllers\Invoice->downloadOrderById()
 3 SYSTEMPATH/CodeIgniter.php(480): CodeIgniter\CodeIgniter->runController()
 4 SYSTEMPATH/CodeIgniter.php(349): CodeIgniter\CodeIgniter->handleRequest()
 5 FCPATH/index.php(67): CodeIgniter\CodeIgniter->run()
CRITICAL - 2023-10-29 14:43:10 --> Undefined property: stdClass::$order
in APPPATH/Controllers/Invoice.php on line 158.
 1 APPPATH/Controllers/Invoice.php(158): CodeIgniter\Debug\Exceptions->errorHandler()
 2 SYSTEMPATH/CodeIgniter.php(925): App\Controllers\Invoice->downloadOrderById()
 3 SYSTEMPATH/CodeIgniter.php(480): CodeIgniter\CodeIgniter->runController()
 4 SYSTEMPATH/CodeIgniter.php(349): CodeIgniter\CodeIgniter->handleRequest()
 5 FCPATH/index.php(67): CodeIgniter\CodeIgniter->run()
CRITICAL - 2023-10-29 14:47:44 --> Unsupported operand types: string + string
in APPPATH/Controllers/Invoice.php on line 153.
 1 SYSTEMPATH/CodeIgniter.php(925): App\Controllers\Invoice->downloadOrderById()
 2 SYSTEMPATH/CodeIgniter.php(480): CodeIgniter\CodeIgniter->runController()
 3 SYSTEMPATH/CodeIgniter.php(349): CodeIgniter\CodeIgniter->handleRequest()
 4 FCPATH/index.php(67): CodeIgniter\CodeIgniter->run()
CRITICAL - 2023-10-29 15:02:23 --> Undefined property: stdClass::$billing_address
in APPPATH/Controllers/Invoice.php on line 161.
 1 APPPATH/Controllers/Invoice.php(161): CodeIgniter\Debug\Exceptions->errorHandler()
 2 SYSTEMPATH/CodeIgniter.php(925): App\Controllers\Invoice->downloadOrderById()
 3 SYSTEMPATH/CodeIgniter.php(480): CodeIgniter\CodeIgniter->runController()
 4 SYSTEMPATH/CodeIgniter.php(349): CodeIgniter\CodeIgniter->handleRequest()
 5 FCPATH/index.php(67): CodeIgniter\CodeIgniter->run()
CRITICAL - 2023-10-29 15:04:26 --> Undefined property: stdClass::$gst_details
in APPPATH/Views/invoice.php on line 6.
 1 APPPATH/Views/invoice.php(6): CodeIgniter\Debug\Exceptions->errorHandler()
 2 SYSTEMPATH/View/View.php(213): include('APPPATH/Views/invoice.php')
 3 SYSTEMPATH/View/View.php(216): CodeIgniter\View\View->CodeIgniter\View\{closure}()
 4 SYSTEMPATH/Common.php(1135): CodeIgniter\View\View->render()
 5 APPPATH/Controllers/Invoice.php(173): view()
 6 SYSTEMPATH/CodeIgniter.php(925): App\Controllers\Invoice->downloadOrderById()
 7 SYSTEMPATH/CodeIgniter.php(480): CodeIgniter\CodeIgniter->runController()
 8 SYSTEMPATH/CodeIgniter.php(349): CodeIgniter\CodeIgniter->handleRequest()
 9 FCPATH/index.php(67): CodeIgniter\CodeIgniter->run()
